<?xml version="1.0" encoding="UTF-8"?>
<!-- Generated by org.testng.reporters.JUnitReportReporter -->
<testsuite hostname="DESKTOP-G7980L0" failures="0" tests="1" name="TestScripts.TC1" time="72.621" errors="0" timestamp="2 Jan 2022 15:15:33 GMT">
  <testcase classname="TestScripts.TC1" name="tc1" time="72.621"/>
</testsuite> <!-- TestScripts.TC1 -->
