<?xml version="1.0" encoding="UTF-8"?>
<!-- Generated by org.testng.reporters.JUnitReportReporter -->
<testsuite hostname="DESKTOP-G7980L0" failures="0" tests="1" name="TestScripts.TC1" time="99.408" errors="0" timestamp="2 Jan 2022 14:06:27 GMT">
  <testcase classname="TestScripts.TC1" name="tc1" time="99.408"/>
</testsuite> <!-- TestScripts.TC1 -->
