<?xml version="1.0" encoding="UTF-8"?>
<!-- Generated by org.testng.reporters.JUnitReportReporter -->
<testsuite hostname="DESKTOP-G7980L0" failures="0" tests="1" name="Maven_flow.flow.AppTest" time="0.023" errors="0" timestamp="2 Jan 2022 14:06:27 GMT">
  <testcase classname="Maven_flow.flow.AppTest" name="shouldAnswerWithTrue" time="0.023"/>
</testsuite> <!-- Maven_flow.flow.AppTest -->
